Build started 5/10/2019 8:18:07 PM.
     1>Project "C:\Users\AhmedRamadan\documents\visual studio 2010\Projects\football\football\football.vcxproj" on node 2 (build target(s)).
     1>InitializeBuildStatus:
         Creating "Debug\football.unsuccessfulbuild" because "AlwaysCreate" was specified.
       ClCompile:
         C:\Program Files (x86)\Microsoft Visual Studio 10.0\VC\bin\CL.exe /c /ZI /nologo /W3 /WX- /Od /Oy- /D _MBCS /Gm /EHsc /RTC1 /MDd /GS /fp:precise /Zc:wchar_t /Zc:forScope /Fo"Debug\\" /Fd"Debug\vc100.pdb" /Gd /TP /analyze- /errorReport:prompt main.cpp
         main.cpp
     1>c:\users\ahmedramadan\documents\visual studio 2010\projects\football\football\main.cpp(110): warning C4553: '==' : operator has no effect; did you intend '='?
       Link:
         C:\Program Files (x86)\Microsoft Visual Studio 10.0\VC\bin\link.exe /ERRORREPORT:PROMPT /OUT:"C:\Users\AhmedRamadan\documents\visual studio 2010\Projects\football\Debug\football.exe" /NOLOGO kernel32.lib user32.lib gdi32.lib winspool.lib comdlg32.lib advapi32.lib shell32.lib ole32.lib oleaut32.lib uuid.lib odbc32.lib odbccp32.lib /MANIFEST /ManifestFile:"Debug\football.exe.intermediate.manifest" /MANIFESTUAC:"level='asInvoker' uiAccess='false'" /DEBUG /PDB:"C:\Users\AhmedRamadan\documents\visual studio 2010\Projects\football\Debug\football.pdb" /TLBID:1 /DYNAMICBASE /NXCOMPAT /IMPLIB:"C:\Users\AhmedRamadan\documents\visual studio 2010\Projects\football\Debug\football.lib" /MACHINE:X86 Debug\main.obj
         LINK : C:\Users\AhmedRamadan\documents\visual studio 2010\Projects\football\Debug\football.exe not found or not built by the last incremental link; performing full link
         football.vcxproj -> C:\Users\AhmedRamadan\documents\visual studio 2010\Projects\football\Debug\football.exe
       Manifest:
         C:\Program Files (x86)\Microsoft SDKs\Windows\v7.0A\bin\mt.exe /nologo /verbose /outputresource:"C:\Users\AhmedRamadan\documents\visual studio 2010\Projects\football\Debug\football.exe;#1" /manifest Debug\football.exe.intermediate.manifest
       FinalizeBuildStatus:
         Deleting file "Debug\football.unsuccessfulbuild".
         Touching "Debug\football.lastbuildstate".
     1>Done Building Project "C:\Users\AhmedRamadan\documents\visual studio 2010\Projects\football\football\football.vcxproj" (build target(s)).

Build succeeded.

Time Elapsed 00:00:03.56
